2023-04-21 20:45:09 INFO  OrangeHRMSteps:30 - Username and password provided succesfully
2023-04-21 20:45:12 INFO  OrangeHRMHome:38 - Benjamin is successfully entered
2023-04-21 20:45:12 INFO  OrangeHRMHome:46 - Renastech23 is successfully entered
2023-04-21 20:45:12 INFO  OrangeHRMSteps:130 - Benjamin is provided as firstname and Renastech23 is provided as lastname
2023-04-21 20:45:13 INFO  OrangeHRMHome:75 - Add login details button was successfully clicked
2023-04-21 20:45:13 INFO  OrangeHRMSteps:111 - Add Login Details button is clicked successfully
2023-04-21 20:45:13 INFO  OrangeHRMSteps:114 - renastech54545423454564654! is provided as a username
2023-04-21 20:45:13 INFO  OrangeHRMSteps:117 - Renastech!@@@2123123123 is provided as a password
2023-04-21 20:45:13 INFO  OrangeHRMSteps:120 - Renastech!@@@2123123123 is provided as the confirm password
2023-04-21 20:45:13 INFO  OrangeHRMSteps:123 - Disabled is provided as the status
2023-04-21 20:45:13 INFO  OrangeHRMHome:53 - Save button was successfully clicked
2023-04-21 20:45:21 INFO  OrangeHRMSteps:30 - Username and password provided succesfully
2023-04-21 20:45:25 INFO  OrangeHRMHome:38 - Abdul is successfully entered
2023-04-21 20:45:25 INFO  OrangeHRMHome:46 - Renastech23 is successfully entered
2023-04-21 20:45:25 INFO  OrangeHRMSteps:130 - Abdul is provided as firstname and Renastech23 is provided as lastname
2023-04-21 20:45:25 INFO  OrangeHRMHome:75 - Add login details button was successfully clicked
2023-04-21 20:45:25 INFO  OrangeHRMSteps:111 - Add Login Details button is clicked successfully
2023-04-21 20:45:25 INFO  OrangeHRMSteps:114 - abcRenastech44545h45645! is provided as a username
2023-04-21 20:45:25 INFO  OrangeHRMSteps:117 - RenasRenas!@!123123123123123 is provided as a password
2023-04-21 20:45:25 INFO  OrangeHRMSteps:120 - RenasRenas!@!123123123123123 is provided as the confirm password
2023-04-21 20:45:25 INFO  OrangeHRMSteps:123 - Enabled is provided as the status
2023-04-21 20:45:25 INFO  OrangeHRMHome:53 - Save button was successfully clicked
2023-04-21 20:45:35 INFO  OrangeHRMSteps:30 - Username and password provided succesfully
2023-04-21 20:45:37 INFO  OrangeHRMHome:38 - MIchael is successfully entered
2023-04-21 20:45:38 INFO  OrangeHRMHome:46 - Jordan is successfully entered
2023-04-21 20:45:38 INFO  OrangeHRMSteps:130 - MIchael is provided as firstname and Jordan is provided as lastname
2023-04-21 20:45:38 INFO  OrangeHRMHome:75 - Add login details button was successfully clicked
2023-04-21 20:45:38 INFO  OrangeHRMSteps:111 - Add Login Details button is clicked successfully
2023-04-21 20:45:38 INFO  OrangeHRMSteps:114 - abc123Renas5445454544! is provided as a username
2023-04-21 20:45:38 INFO  OrangeHRMSteps:117 - Renastech123@!123123123123123 is provided as a password
2023-04-21 20:45:38 INFO  OrangeHRMSteps:120 - Renastech123@!123123123123123 is provided as the confirm password
2023-04-21 20:45:38 INFO  OrangeHRMSteps:123 - Enabled is provided as the status
2023-04-21 20:45:38 INFO  OrangeHRMHome:53 - Save button was successfully clicked
2023-04-21 20:45:47 INFO  OrangeHRMSteps:30 - Username and password provided succesfully
2023-04-21 20:45:51 INFO  OrangeHRMHome:38 - Sandy is successfully entered
2023-04-21 20:45:51 INFO  OrangeHRMHome:46 - Mandy is successfully entered
2023-04-21 20:45:51 INFO  OrangeHRMSteps:130 - Sandy is provided as firstname and Mandy is provided as lastname
2023-04-21 20:45:51 INFO  OrangeHRMHome:75 - Add login details button was successfully clicked
2023-04-21 20:45:51 INFO  OrangeHRMSteps:111 - Add Login Details button is clicked successfully
2023-04-21 20:45:51 INFO  OrangeHRMSteps:114 - Sand14545423 is provided as a username
2023-04-21 20:45:52 INFO  OrangeHRMSteps:117 - RenaseTes123.@ is provided as a password
2023-04-21 20:45:52 INFO  OrangeHRMSteps:120 - RenaseTes123.@ is provided as the confirm password
2023-04-21 20:45:52 INFO  OrangeHRMSteps:123 - Disabled is provided as the status
2023-04-21 20:45:52 INFO  OrangeHRMHome:53 - Save button was successfully clicked
2023-04-21 20:46:14 INFO  OrangeHRMSteps:30 - Username and password provided succesfully
2023-04-21 20:46:17 INFO  OrangeHRMHome:38 - Benjamin is successfully entered
2023-04-21 20:46:17 INFO  OrangeHRMHome:46 - Renastech23 is successfully entered
2023-04-21 20:46:17 INFO  OrangeHRMSteps:130 - Benjamin is provided as firstname and Renastech23 is provided as lastname
2023-04-21 20:46:17 INFO  OrangeHRMHome:75 - Add login details button was successfully clicked
2023-04-21 20:46:17 INFO  OrangeHRMSteps:111 - Add Login Details button is clicked successfully
2023-04-21 20:46:17 INFO  OrangeHRMSteps:114 - renasteasdfasdch54545423454564654! is provided as a username
2023-04-21 20:46:17 INFO  OrangeHRMSteps:117 - Renastech!@@@2123123123 is provided as a password
2023-04-21 20:46:18 INFO  OrangeHRMSteps:120 - Renastech!@@@2123123123 is provided as the confirm password
2023-04-21 20:46:18 INFO  OrangeHRMSteps:123 - Disabled is provided as the status
2023-04-21 20:46:18 INFO  OrangeHRMHome:53 - Save button was successfully clicked
2023-04-21 20:46:22 INFO  OrangeHRMHome:61 - Personal Details is expected header and successfully provided
2023-04-21 20:46:25 INFO  OrangeHRMSteps:30 - Username and password provided succesfully
2023-04-21 20:46:28 INFO  OrangeHRMHome:38 - Abdul is successfully entered
2023-04-21 20:46:28 INFO  OrangeHRMHome:46 - Renastech23 is successfully entered
2023-04-21 20:46:28 INFO  OrangeHRMSteps:130 - Abdul is provided as firstname and Renastech23 is provided as lastname
2023-04-21 20:46:28 INFO  OrangeHRMHome:75 - Add login details button was successfully clicked
2023-04-21 20:46:28 INFO  OrangeHRMSteps:111 - Add Login Details button is clicked successfully
2023-04-21 20:46:28 INFO  OrangeHRMSteps:114 - abcRenasdfasfstech44545h45645! is provided as a username
2023-04-21 20:46:28 INFO  OrangeHRMSteps:117 - RenasRenas!@!123123123123123 is provided as a password
2023-04-21 20:46:29 INFO  OrangeHRMSteps:120 - RenasRenas!@!123123123123123 is provided as the confirm password
2023-04-21 20:46:29 INFO  OrangeHRMSteps:123 - Enabled is provided as the status
2023-04-21 20:46:29 INFO  OrangeHRMHome:53 - Save button was successfully clicked
2023-04-21 20:46:33 INFO  OrangeHRMHome:61 - Personal Details is expected header and successfully provided
2023-04-21 20:46:36 INFO  OrangeHRMSteps:30 - Username and password provided succesfully
2023-04-21 20:46:39 INFO  OrangeHRMHome:38 - MIchael is successfully entered
2023-04-21 20:46:39 INFO  OrangeHRMHome:46 - Jordan is successfully entered
2023-04-21 20:46:39 INFO  OrangeHRMSteps:130 - MIchael is provided as firstname and Jordan is provided as lastname
2023-04-21 20:46:39 INFO  OrangeHRMHome:75 - Add login details button was successfully clicked
2023-04-21 20:46:39 INFO  OrangeHRMSteps:111 - Add Login Details button is clicked successfully
2023-04-21 20:46:39 INFO  OrangeHRMSteps:114 - abc123Renas5445454544! is provided as a username
2023-04-21 20:46:40 INFO  OrangeHRMSteps:117 - Renastech123@!123123123123123 is provided as a password
2023-04-21 20:46:40 INFO  OrangeHRMSteps:120 - Renastech123@!123123123123123 is provided as the confirm password
2023-04-21 20:46:40 INFO  OrangeHRMSteps:123 - Enabled is provided as the status
2023-04-21 20:46:40 INFO  OrangeHRMHome:53 - Save button was successfully clicked
2023-04-21 20:46:48 INFO  OrangeHRMSteps:30 - Username and password provided succesfully
2023-04-21 20:46:51 INFO  OrangeHRMHome:38 - Sandy is successfully entered
2023-04-21 20:46:51 INFO  OrangeHRMHome:46 - Mandy is successfully entered
2023-04-21 20:46:51 INFO  OrangeHRMSteps:130 - Sandy is provided as firstname and Mandy is provided as lastname
2023-04-21 20:46:51 INFO  OrangeHRMHome:75 - Add login details button was successfully clicked
2023-04-21 20:46:51 INFO  OrangeHRMSteps:111 - Add Login Details button is clicked successfully
2023-04-21 20:46:51 INFO  OrangeHRMSteps:114 - Sand1asdfas4545423 is provided as a username
2023-04-21 20:46:52 INFO  OrangeHRMSteps:117 - RenaseTes123.@ is provided as a password
2023-04-21 20:46:52 INFO  OrangeHRMSteps:120 - RenaseTes123.@ is provided as the confirm password
2023-04-21 20:46:52 INFO  OrangeHRMSteps:123 - Disabled is provided as the status
2023-04-21 20:46:52 INFO  OrangeHRMHome:53 - Save button was successfully clicked
2023-04-21 20:46:55 INFO  OrangeHRMHome:61 - Personal Details is expected header and successfully provided
